<?xml version="1.0" encoding="UTF-8"?>
<!-- Generated by org.testng.reporters.JUnitXMLReporter -->
<testsuite hostname="DESKTOP-BFITS0N" ignored="0" name="Default test" tests="14" failures="0" timestamp="02 Jan 2021 08:10:01 GMT" time="177.382" errors="0">
  <testcase name="verifyAllTabLinks" time="0.472" classname="com.test.CustomerServicePageTest"/>
  <testcase name="verifyAmazonBusinessAllOptions" time="0.609" classname="com.test.CustomerServicePageTest"/>
  <testcase name="verifyAmazonPayAllOptions" time="0.397" classname="com.test.CustomerServicePageTest"/>
  <testcase name="verifyAmazonPrimeAllOptions" time="0.421" classname="com.test.CustomerServicePageTest"/>
  <testcase name="verifyCustomerServiceAllOptions" time="0.439" classname="com.test.CustomerServicePageTest"/>
  <testcase name="verifyDevicesAndDigitalServicesAllOptions" time="0.576" classname="com.test.CustomerServicePageTest"/>
  <testcase name="verifyManagingYourAccountAllOptions" time="0.433" classname="com.test.CustomerServicePageTest"/>
  <testcase name="verifyMoreSolutions" time="0.085" classname="com.test.CustomerServicePageTest"/>
  <testcase name="verifyOrderingAllOptions" time="0.432" classname="com.test.CustomerServicePageTest"/>
  <testcase name="verifyOtherTopicsAndHelpSitesAllOptions" time="0.495" classname="com.test.CustomerServicePageTest"/>
  <testcase name="verifyPaymentsAndPricingAllOptions" time="0.552" classname="com.test.CustomerServicePageTest"/>
  <testcase name="verifyRecommendedOptionsAllOptions" time="0.444" classname="com.test.CustomerServicePageTest"/>
  <testcase name="verifyReturnsRefundsAllOptions" time="0.489" classname="com.test.CustomerServicePageTest"/>
  <testcase name="verifyShippingAndDeliveryAllOptions" time="0.515" classname="com.test.CustomerServicePageTest"/>
</testsuite> <!-- Default test -->
