<?xml version="1.0" encoding="UTF-8"?>
<!-- Generated by org.testng.reporters.JUnitXMLReporter -->
<testsuite hostname="DESKTOP-BFITS0N" ignored="0" name="Default test" tests="3" failures="0" timestamp="29 Dec 2020 14:44:34 GMT" time="41.488" errors="0">
  <testcase name="checkAllNavBarLinks" time="0.51" classname="com.test.MobilePageTest"/>
  <testcase name="verifyAllSideBarRadioBtns" time="0.987" classname="com.test.MobilePageTest"/>
  <testcase name="verifyAllSideNavBarLinks" time="0.717" classname="com.test.MobilePageTest"/>
</testsuite> <!-- Default test -->
