<?xml version="1.0" encoding="UTF-8"?>
<!-- Generated by org.testng.reporters.JUnitXMLReporter -->
<testsuite hostname="DESKTOP-BFITS0N" ignored="70" name="Test" tests="1" failures="0" timestamp="28 Dec 2020 04:37:57 GMT" time="15.854" errors="0">
  <testcase name="checkAllLinksAvailInAccountsDD" time="1.029" classname="com.test.HomePageTest"/>
  <testcase name="verifyUsLink" time="0.0" classname="com.test.HomePageTest">
    <ignored/>
  </testcase> <!-- verifyUsLink -->
  <testcase name="verifyAdvertiseYourProductsLink" time="0.0" classname="com.test.HomePageTest">
    <ignored/>
  </testcase> <!-- verifyAdvertiseYourProductsLink -->
  <testcase name="verifyFacebookLink" time="0.0" classname="com.test.HomePageTest">
    <ignored/>
  </testcase> <!-- verifyFacebookLink -->
  <testcase name="verifyCategoriesDD" time="0.0" classname="com.test.HomePageTest">
    <ignored/>
  </testcase> <!-- verifyCategoriesDD -->
  <testcase name="verifyAudibleLink" time="0.0" classname="com.test.HomePageTest">
    <ignored/>
  </testcase> <!-- verifyAudibleLink -->
  <testcase name="verifyAmazonPayOnMerchantsLink" time="0.0" classname="com.test.HomePageTest">
    <ignored/>
  </testcase> <!-- verifyAmazonPayOnMerchantsLink -->
  <testcase name="verifyInstagramLink" time="0.0" classname="com.test.HomePageTest">
    <ignored/>
  </testcase> <!-- verifyInstagramLink -->
  <testcase name="verifyPrivacyNoticeLink" time="0.0" classname="com.test.HomePageTest">
    <ignored/>
  </testcase> <!-- verifyPrivacyNoticeLink -->
  <testcase name="verifyAmazonPrimeMusicLink" time="0.0" classname="com.test.HomePageTest">
    <ignored/>
  </testcase> <!-- verifyAmazonPrimeMusicLink -->
  <testcase name="verifyAmazonAssistantDownloadLink" time="0.0" classname="com.test.HomePageTest">
    <ignored/>
  </testcase> <!-- verifyAmazonAssistantDownloadLink -->
  <testcase name="verifyYourAccountLink" time="0.0" classname="com.test.HomePageTest">
    <ignored/>
  </testcase> <!-- verifyYourAccountLink -->
  <testcase name="verifyScrollImageLeft" time="0.0" classname="com.test.HomePageTest">
    <ignored/>
  </testcase> <!-- verifyScrollImageLeft -->
  <testcase name="verifyAustraliaLink" time="0.0" classname="com.test.HomePageTest">
    <ignored/>
  </testcase> <!-- verifyAustraliaLink -->
  <testcase name="verifyGiftASmileLink" time="0.0" classname="com.test.HomePageTest">
    <ignored/>
  </testcase> <!-- verifyGiftASmileLink -->
  <testcase name="verifySellOnAmazon" time="0.0" classname="com.test.HomePageTest">
    <ignored/>
  </testcase> <!-- verifySellOnAmazon -->
  <testcase name="verifyMainMenuBar" time="0.0" classname="com.test.HomePageTest">
    <ignored/>
  </testcase> <!-- verifyMainMenuBar -->
  <testcase name="changeLangToHindi" time="0.0" classname="com.test.HomePageTest">
    <ignored/>
  </testcase> <!-- changeLangToHindi -->
  <testcase name="verifySelectAddressMenu" time="0.0" classname="com.test.HomePageTest">
    <ignored/>
  </testcase> <!-- verifySelectAddressMenu -->
  <testcase name="verifyTwitterLink" time="0.0" classname="com.test.HomePageTest">
    <ignored/>
  </testcase> <!-- verifyTwitterLink -->
  <testcase name="verifyHelpLink" time="0.0" classname="com.test.HomePageTest">
    <ignored/>
  </testcase> <!-- verifyHelpLink -->
  <testcase name="verifyChinaLink" time="0.0" classname="com.test.HomePageTest">
    <ignored/>
  </testcase> <!-- verifyChinaLink -->
  <testcase name="verifyLanguageDD" time="0.0" classname="com.test.HomePageTest">
    <ignored/>
  </testcase> <!-- verifyLanguageDD -->
  <testcase name="verifyGiftCardsNavBar" time="0.0" classname="com.test.HomePageTest">
    <ignored/>
  </testcase> <!-- verifyGiftCardsNavBar -->
  <testcase name="searchForProduct" time="0.0" classname="com.test.HomePageTest">
    <ignored/>
  </testcase> <!-- searchForProduct -->
  <testcase name="verifyNetherlandsLink" time="0.0" classname="com.test.HomePageTest">
    <ignored/>
  </testcase> <!-- verifyNetherlandsLink -->
  <testcase name="verifyScrollImageRight" time="0.0" classname="com.test.HomePageTest">
    <ignored/>
  </testcase> <!-- verifyScrollImageRight -->
  <testcase name="verifyAmazonCaresLink" time="0.0" classname="com.test.HomePageTest">
    <ignored/>
  </testcase> <!-- verifyAmazonCaresLink -->
  <testcase name="verifyReturnsAndOrdersMenu" time="0.0" classname="com.test.HomePageTest">
    <ignored/>
  </testcase> <!-- verifyReturnsAndOrdersMenu -->
  <testcase name="verifyMobilesNavBar" time="0.0" classname="com.test.HomePageTest">
    <ignored/>
  </testcase> <!-- verifyMobilesNavBar -->
  <testcase name="verifyItalyLink" time="0.0" classname="com.test.HomePageTest">
    <ignored/>
  </testcase> <!-- verifyItalyLink -->
  <testcase name="verifyPressReleasesLink" time="0.0" classname="com.test.HomePageTest">
    <ignored/>
  </testcase> <!-- verifyPressReleasesLink -->
  <testcase name="verifyMexicoLink" time="0.0" classname="com.test.HomePageTest">
    <ignored/>
  </testcase> <!-- verifyMexicoLink -->
  <testcase name="verifyBestSellersNavBar" time="0.0" classname="com.test.HomePageTest">
    <ignored/>
  </testcase> <!-- verifyBestSellersNavBar -->
  <testcase name="verifyCovid19AndAmazonLink" time="0.0" classname="com.test.HomePageTest">
    <ignored/>
  </testcase> <!-- verifyCovid19AndAmazonLink -->
  <testcase name="verifyFulfilmentByAmazonLink" time="0.0" classname="com.test.HomePageTest">
    <ignored/>
  </testcase> <!-- verifyFulfilmentByAmazonLink -->
  <testcase name="verifyGermanyLink" time="0.0" classname="com.test.HomePageTest">
    <ignored/>
  </testcase> <!-- verifyGermanyLink -->
  <testcase name="verifyAboutUsLink" time="0.0" classname="com.test.HomePageTest">
    <ignored/>
  </testcase> <!-- verifyAboutUsLink -->
  <testcase name="verifyInterestBasedAdsLink" time="0.0" classname="com.test.HomePageTest">
    <ignored/>
  </testcase> <!-- verifyInterestBasedAdsLink -->
  <testcase name="verifyAmazonWebServicesLink" time="0.0" classname="com.test.HomePageTest">
    <ignored/>
  </testcase> <!-- verifyAmazonWebServicesLink -->
  <testcase name="verifySellUnderAmazonAceleratorLink" time="0.0" classname="com.test.HomePageTest">
    <ignored/>
  </testcase> <!-- verifySellUnderAmazonAceleratorLink -->
  <testcase name="verifyFranceLink" time="0.0" classname="com.test.HomePageTest">
    <ignored/>
  </testcase> <!-- verifyFranceLink -->
  <testcase name="verifyPrimeNowLink" time="0.0" classname="com.test.HomePageTest">
    <ignored/>
  </testcase> <!-- verifyPrimeNowLink -->
  <testcase name="verifyReturnCentreLink" time="0.0" classname="com.test.HomePageTest">
    <ignored/>
  </testcase> <!-- verifyReturnCentreLink -->
  <testcase name="verifyCanadaLink" time="0.0" classname="com.test.HomePageTest">
    <ignored/>
  </testcase> <!-- verifyCanadaLink -->
  <testcase name="verifyBackToTopLink" time="0.0" classname="com.test.HomePageTest">
    <ignored/>
  </testcase> <!-- verifyBackToTopLink -->
  <testcase name="verifyAmazonLogo" time="0.0" classname="com.test.HomePageTest">
    <ignored/>
  </testcase> <!-- verifyAmazonLogo -->
  <testcase name="verifyAmazonBusinessLink" time="0.0" classname="com.test.HomePageTest">
    <ignored/>
  </testcase> <!-- verifyAmazonBusinessLink -->
  <testcase name="verifyBrazilLink" time="0.0" classname="com.test.HomePageTest">
    <ignored/>
  </testcase> <!-- verifyBrazilLink -->
  <testcase name="verifyDpReviewLink" time="0.0" classname="com.test.HomePageTest">
    <ignored/>
  </testcase> <!-- verifyDpReviewLink -->
  <testcase name="verifyShopBopLink" time="0.0" classname="com.test.HomePageTest">
    <ignored/>
  </testcase> <!-- verifyShopBopLink -->
  <testcase name="verifySingaporeLink" time="0.0" classname="com.test.HomePageTest">
    <ignored/>
  </testcase> <!-- verifySingaporeLink -->
  <testcase name="verifyConditionsOfUseAndSaleLink" time="0.0" classname="com.test.HomePageTest">
    <ignored/>
  </testcase> <!-- verifyConditionsOfUseAndSaleLink -->
  <testcase name="verifyPurchaseProtectionLink" time="0.0" classname="com.test.HomePageTest">
    <ignored/>
  </testcase> <!-- verifyPurchaseProtectionLink -->
  <testcase name="verifyUnitedArabEmiratesLink" time="0.0" classname="com.test.HomePageTest">
    <ignored/>
  </testcase> <!-- verifyUnitedArabEmiratesLink -->
  <testcase name="verifyNewReleasesNavBar" time="0.0" classname="com.test.HomePageTest">
    <ignored/>
  </testcase> <!-- verifyNewReleasesNavBar -->
  <testcase name="verifyUkLink" time="0.0" classname="com.test.HomePageTest">
    <ignored/>
  </testcase> <!-- verifyUkLink -->
  <testcase name="verifyBecomeAnAffiliateLink" time="0.0" classname="com.test.HomePageTest">
    <ignored/>
  </testcase> <!-- verifyBecomeAnAffiliateLink -->
  <testcase name="verifySignInDD" time="0.0" classname="com.test.HomePageTest">
    <ignored/>
  </testcase> <!-- verifySignInDD -->
  <testcase name="verifyTodaysDealsNavBar" time="0.0" classname="com.test.HomePageTest">
    <ignored/>
  </testcase> <!-- verifyTodaysDealsNavBar -->
  <testcase name="verifyAmazonAppDownloadLink" time="0.0" classname="com.test.HomePageTest">
    <ignored/>
  </testcase> <!-- verifyAmazonAppDownloadLink -->
  <testcase name="changePincodeTest" time="0.0" classname="com.test.HomePageTest">
    <ignored/>
  </testcase> <!-- changePincodeTest -->
  <testcase name="verifyAbeBooksLink" time="0.0" classname="com.test.HomePageTest">
    <ignored/>
  </testcase> <!-- verifyAbeBooksLink -->
  <testcase name="verifyImbdLink" time="0.0" classname="com.test.HomePageTest">
    <ignored/>
  </testcase> <!-- verifyImbdLink -->
  <testcase name="verifySpainLink" time="0.0" classname="com.test.HomePageTest">
    <ignored/>
  </testcase> <!-- verifySpainLink -->
  <testcase name="verifyCustomerServiceNavBar" time="0.0" classname="com.test.HomePageTest">
    <ignored/>
  </testcase> <!-- verifyCustomerServiceNavBar -->
  <testcase name="chooseFromCategories" time="0.0" classname="com.test.HomePageTest">
    <ignored/>
  </testcase> <!-- chooseFromCategories -->
  <testcase name="changeCountrytoAus" time="0.0" classname="com.test.HomePageTest">
    <ignored/>
  </testcase> <!-- changeCountrytoAus -->
  <testcase name="verifyCartMenu" time="0.0" classname="com.test.HomePageTest">
    <ignored/>
  </testcase> <!-- verifyCartMenu -->
  <testcase name="verifyJapanLink" time="0.0" classname="com.test.HomePageTest">
    <ignored/>
  </testcase> <!-- verifyJapanLink -->
  <testcase name="verifyCarrersLink" time="0.0" classname="com.test.HomePageTest">
    <ignored/>
  </testcase> <!-- verifyCarrersLink -->
</testsuite> <!-- Test -->
