<?xml version="1.0" encoding="UTF-8"?>
<!-- Generated by org.testng.reporters.JUnitXMLReporter -->
<testsuite hostname="DESKTOP-BFITS0N" ignored="13" name="Test" tests="1" failures="0" timestamp="02 Jan 2021 08:06:24 GMT" time="14.58" errors="0">
  <testcase name="verifyAmazonBusinessAllOptions" time="0.6" classname="com.test.CustomerServicePageTest"/>
  <testcase name="verifyShippingAndDeliveryAllOptions" time="0.0" classname="com.test.CustomerServicePageTest">
    <ignored/>
  </testcase> <!-- verifyShippingAndDeliveryAllOptions -->
  <testcase name="verifyRecommendedOptionsAllOptions" time="0.0" classname="com.test.CustomerServicePageTest">
    <ignored/>
  </testcase> <!-- verifyRecommendedOptionsAllOptions -->
  <testcase name="verifyPaymentsAndPricingAllOptions" time="0.0" classname="com.test.CustomerServicePageTest">
    <ignored/>
  </testcase> <!-- verifyPaymentsAndPricingAllOptions -->
  <testcase name="verifyAllTabLinks" time="0.0" classname="com.test.CustomerServicePageTest">
    <ignored/>
  </testcase> <!-- verifyAllTabLinks -->
  <testcase name="verifyCustomerServiceAllOptions" time="0.0" classname="com.test.CustomerServicePageTest">
    <ignored/>
  </testcase> <!-- verifyCustomerServiceAllOptions -->
  <testcase name="verifyOtherTopicsAndHelpSitesAllOptions" time="0.0" classname="com.test.CustomerServicePageTest">
    <ignored/>
  </testcase> <!-- verifyOtherTopicsAndHelpSitesAllOptions -->
  <testcase name="verifyOrderingAllOptions" time="0.0" classname="com.test.CustomerServicePageTest">
    <ignored/>
  </testcase> <!-- verifyOrderingAllOptions -->
  <testcase name="verifyAmazonPayAllOptions" time="0.0" classname="com.test.CustomerServicePageTest">
    <ignored/>
  </testcase> <!-- verifyAmazonPayAllOptions -->
  <testcase name="verifyManagingYourAccountAllOptions" time="0.0" classname="com.test.CustomerServicePageTest">
    <ignored/>
  </testcase> <!-- verifyManagingYourAccountAllOptions -->
  <testcase name="verifyDevicesAndDigitalServicesAllOptions" time="0.0" classname="com.test.CustomerServicePageTest">
    <ignored/>
  </testcase> <!-- verifyDevicesAndDigitalServicesAllOptions -->
  <testcase name="verifyAmazonPrimeAllOptions" time="0.0" classname="com.test.CustomerServicePageTest">
    <ignored/>
  </testcase> <!-- verifyAmazonPrimeAllOptions -->
  <testcase name="verifyReturnsRefundsAllOptions" time="0.0" classname="com.test.CustomerServicePageTest">
    <ignored/>
  </testcase> <!-- verifyReturnsRefundsAllOptions -->
  <testcase name="verifyMoreSolutions" time="0.0" classname="com.test.CustomerServicePageTest">
    <ignored/>
  </testcase> <!-- verifyMoreSolutions -->
</testsuite> <!-- Test -->
